<?xml version="1.0" encoding="UTF-8"?>
<testng-results skipped="0" failed="0" ignored="0" total="1" passed="1">
  <reporter-output>
  </reporter-output>
  <suite name="Suite" duration-ms="7581" started-at="2019-03-15T18:32:09Z" finished-at="2019-03-15T18:32:17Z">
    <groups>
    </groups>
    <test name="Test" duration-ms="7581" started-at="2019-03-15T18:32:09Z" finished-at="2019-03-15T18:32:17Z">
      <class name="day10.FirstScript">
        <test-method status="PASS" signature="beforeTest()[pri:0, instance:day10.FirstScript@1ad282e0]" name="beforeTest" is-config="true" duration-ms="3684" started-at="2019-03-15T14:32:09Z" finished-at="2019-03-15T14:32:13Z">
          <reporter-output>
          </reporter-output>
        </test-method> <!-- beforeTest -->
        <test-method status="PASS" signature="f()[pri:0, instance:day10.FirstScript@1ad282e0]" name="f" duration-ms="2615" started-at="2019-03-15T14:32:13Z" finished-at="2019-03-15T14:32:16Z">
          <reporter-output>
          </reporter-output>
        </test-method> <!-- f -->
        <test-method status="PASS" signature="afterTest()[pri:0, instance:day10.FirstScript@1ad282e0]" name="afterTest" is-config="true" duration-ms="733" started-at="2019-03-15T14:32:16Z" finished-at="2019-03-15T14:32:17Z">
          <reporter-output>
          </reporter-output>
        </test-method> <!-- afterTest -->
      </class> <!-- day10.FirstScript -->
    </test> <!-- Test -->
  </suite> <!-- Suite -->
</testng-results>
